<?xml version="1.0" encoding="UTF-8" standalone="no"?><testsuite errors="0" failures="1" name="Pain XML" skipped="0" tests="5" time="0.5" timestamp="2024-03-22 06:59:01"><testcase name="Validate XML"><failure message="Error validating XML file: pain against schema: pain.001.001.11" type="junit.framework.AssertionFailedError">Error validating XML file: pain against schema: pain.001.001.11</failure><system-err>Error validating XML file: pain against schema: pain.001.001.11
junit.framework.Assert.fail(Assert.java:57)
junit.framework.TestCase.fail(TestCase.java:223)
xmlValidation.XmlValidation.checkXml(XmlValidation.java:39)
stepLib.Base.validateXml(Base.java:96)
stepLib.Steps.verifyXmlValidation(Steps.java:63)
stepsDefinitions.StepsDefinitions.validateXmlFile(StepsDefinitions.java:21)
io.cucumber.java.Invoker.doInvoke(Invoker.java:66)
io.cucumber.java.Invoker.invoke(Invoker.java:24)
io.cucumber.java.AbstractGlueDefinition.invokeMethod(AbstractGlueDefinition.java:47)
io.cucumber.java.JavaStepDefinition.execute(JavaStepDefinition.java:29)
io.cucumber.core.runner.CoreStepDefinition.execute(CoreStepDefinition.java:66)
io.cucumber.core.runner.PickleStepDefinitionMatch.runStep(PickleStepDefinitionMatch.java:63)
io.cucumber.core.runner.TestStep.executeStep(TestStep.java:92)
io.cucumber.core.runner.TestStep.run(TestStep.java:64)
io.cucumber.core.runner.PickleStepTestStep.run(PickleStepTestStep.java:51)
io.cucumber.core.runner.TestCase.run(TestCase.java:104)
io.cucumber.core.runner.Runner.runPickle(Runner.java:73)
io.cucumber.junit.FeatureRunner.runChild(FeatureRunner.java:135)
io.cucumber.junit.FeatureRunner.runChild(FeatureRunner.java:27)
io.cucumber.junit.CucumberSerenityRunner.runChild(CucumberSerenityRunner.java:258)
io.cucumber.junit.CucumberSerenityRunner.runChild(CucumberSerenityRunner.java:57)
</system-err></testcase><testcase name="Minimum 2 digits"/><testcase name="debtor amount is equal to the sum of all credits"/><testcase name="transaction date is not in the future"/><testcase name="IBAN is valid"/></testsuite>