<?xml version="1.0" encoding="UTF-8" standalone="no"?><testsuite errors="0" failures="1" name="Pain XML" skipped="0" tests="4" time="0.51" timestamp="2024-03-22 11:45:09"><testcase name="Minimum 2 digits"/><testcase name="debtor amount is equal to the sum of all credits"/><testcase name="transaction date is not in the future"/><testcase name="IBAN is valid"><failure message="The following ibans are invalid: [DE0550010517319528jksd2731]" type="junit.framework.AssertionFailedError">The following ibans are invalid: [DE0550010517319528jksd2731]</failure><system-err>The following ibans are invalid: [DE0550010517319528jksd2731]
junit.framework.Assert.fail(Assert.java:57)
junit.framework.TestCase.fail(TestCase.java:223)
stepLib.Steps.validateIbans(Steps.java:57)
stepsDefinitions.StepsDefinitions.validateIban(StepsDefinitions.java:56)
io.cucumber.java.Invoker.doInvoke(Invoker.java:66)
io.cucumber.java.Invoker.invoke(Invoker.java:24)
io.cucumber.java.AbstractGlueDefinition.invokeMethod(AbstractGlueDefinition.java:47)
io.cucumber.java.JavaStepDefinition.execute(JavaStepDefinition.java:29)
io.cucumber.core.runner.CoreStepDefinition.execute(CoreStepDefinition.java:66)
io.cucumber.core.runner.PickleStepDefinitionMatch.runStep(PickleStepDefinitionMatch.java:63)
io.cucumber.core.runner.TestStep.executeStep(TestStep.java:92)
io.cucumber.core.runner.TestStep.run(TestStep.java:64)
io.cucumber.core.runner.PickleStepTestStep.run(PickleStepTestStep.java:51)
io.cucumber.core.runner.TestCase.run(TestCase.java:104)
io.cucumber.core.runner.Runner.runPickle(Runner.java:73)
io.cucumber.junit.FeatureRunner.runChild(FeatureRunner.java:135)
io.cucumber.junit.FeatureRunner.runChild(FeatureRunner.java:27)
io.cucumber.junit.CucumberSerenityRunner.runChild(CucumberSerenityRunner.java:258)
io.cucumber.junit.CucumberSerenityRunner.runChild(CucumberSerenityRunner.java:57)
</system-err></testcase></testsuite>